Using SCRIPTS_ROOTDIR: /usr/local/mosesdecoder/scripts
Using single-thread GIZA
(1) preparing corpus @ Tue Feb 14 12:53:02 GMT 2017
Executing: mkdir -p /users/case4/casseds2/smt-lab/working/train/corpus
(1.0) selecting factors @ Tue Feb 14 12:53:02 GMT 2017
(1.1) running mkcls  @ Tue Feb 14 12:53:02 GMT 2017
/usr/local/mosesdecoder/tools/mkcls -c50 -n2 -p/users/case4/casseds2/smt-lab/corpus/lab-data/train-data-clean.fr -V/users/case4/casseds2/smt-lab/working/train/corpus/fr.vcb.classes opt
  /users/case4/casseds2/smt-lab/working/train/corpus/fr.vcb.classes already in place, reusing
(1.1) running mkcls  @ Tue Feb 14 12:53:02 GMT 2017
/usr/local/mosesdecoder/tools/mkcls -c50 -n2 -p/users/case4/casseds2/smt-lab/corpus/lab-data/train-data-clean.en -V/users/case4/casseds2/smt-lab/working/train/corpus/en.vcb.classes opt
  /users/case4/casseds2/smt-lab/working/train/corpus/en.vcb.classes already in place, reusing
(1.2) creating vcb file /users/case4/casseds2/smt-lab/working/train/corpus/fr.vcb @ Tue Feb 14 12:53:02 GMT 2017
(1.2) creating vcb file /users/case4/casseds2/smt-lab/working/train/corpus/en.vcb @ Tue Feb 14 12:53:02 GMT 2017
(1.3) numberizing corpus /users/case4/casseds2/smt-lab/working/train/corpus/fr-en-int-train.snt @ Tue Feb 14 12:53:02 GMT 2017
  /users/case4/casseds2/smt-lab/working/train/corpus/fr-en-int-train.snt already in place, reusing
(1.3) numberizing corpus /users/case4/casseds2/smt-lab/working/train/corpus/en-fr-int-train.snt @ Tue Feb 14 12:53:02 GMT 2017
  /users/case4/casseds2/smt-lab/working/train/corpus/en-fr-int-train.snt already in place, reusing
(2) running giza @ Tue Feb 14 12:53:02 GMT 2017
(2.1a) running snt2cooc fr-en @ Tue Feb 14 12:53:02 GMT 2017

Executing: mkdir -p /users/case4/casseds2/smt-lab/working/train/giza.fr-en
Executing: /usr/local/mosesdecoder/tools/snt2cooc.out /users/case4/casseds2/smt-lab/working/train/corpus/en.vcb /users/case4/casseds2/smt-lab/working/train/corpus/fr.vcb /users/case4/casseds2/smt-lab/working/train/corpus/fr-en-int-train.snt > /users/case4/casseds2/smt-lab/working/train/giza.fr-en/fr-en.cooc
/usr/local/mosesdecoder/tools/snt2cooc.out /users/case4/casseds2/smt-lab/working/train/corpus/en.vcb /users/case4/casseds2/smt-lab/working/train/corpus/fr.vcb /users/case4/casseds2/smt-lab/working/train/corpus/fr-en-int-train.snt > /users/case4/casseds2/smt-lab/working/train/giza.fr-en/fr-en.cooc
END.
(2.1b) running giza fr-en @ Tue Feb 14 12:53:03 GMT 2017
/usr/local/mosesdecoder/tools/GIZA++  -CoocurrenceFile /users/case4/casseds2/smt-lab/working/train/giza.fr-en/fr-en.cooc -c /users/case4/casseds2/smt-lab/working/train/corpus/fr-en-int-train.snt -m1 5 -m2 0 -m3 3 -m4 3 -model1dumpfrequency 1 -model4smoothfactor 0.4 -nodumps 1 -nsmooth 4 -o /users/case4/casseds2/smt-lab/working/train/giza.fr-en/fr-en -onlyaldumps 1 -p0 0.999 -s /users/case4/casseds2/smt-lab/working/train/corpus/en.vcb -t /users/case4/casseds2/smt-lab/working/train/corpus/fr.vcb
  /users/case4/casseds2/smt-lab/working/train/giza.fr-en/fr-en.A3.final.gz seems finished, reusing.
(2.1a) running snt2cooc en-fr @ Tue Feb 14 12:53:03 GMT 2017

Executing: mkdir -p /users/case4/casseds2/smt-lab/working/train/giza.en-fr
Executing: /usr/local/mosesdecoder/tools/snt2cooc.out /users/case4/casseds2/smt-lab/working/train/corpus/fr.vcb /users/case4/casseds2/smt-lab/working/train/corpus/en.vcb /users/case4/casseds2/smt-lab/working/train/corpus/en-fr-int-train.snt > /users/case4/casseds2/smt-lab/working/train/giza.en-fr/en-fr.cooc
/usr/local/mosesdecoder/tools/snt2cooc.out /users/case4/casseds2/smt-lab/working/train/corpus/fr.vcb /users/case4/casseds2/smt-lab/working/train/corpus/en.vcb /users/case4/casseds2/smt-lab/working/train/corpus/en-fr-int-train.snt > /users/case4/casseds2/smt-lab/working/train/giza.en-fr/en-fr.cooc
END.
(2.1b) running giza en-fr @ Tue Feb 14 12:53:03 GMT 2017
/usr/local/mosesdecoder/tools/GIZA++  -CoocurrenceFile /users/case4/casseds2/smt-lab/working/train/giza.en-fr/en-fr.cooc -c /users/case4/casseds2/smt-lab/working/train/corpus/en-fr-int-train.snt -m1 5 -m2 0 -m3 3 -m4 3 -model1dumpfrequency 1 -model4smoothfactor 0.4 -nodumps 1 -nsmooth 4 -o /users/case4/casseds2/smt-lab/working/train/giza.en-fr/en-fr -onlyaldumps 1 -p0 0.999 -s /users/case4/casseds2/smt-lab/working/train/corpus/fr.vcb -t /users/case4/casseds2/smt-lab/working/train/corpus/en.vcb
  /users/case4/casseds2/smt-lab/working/train/giza.en-fr/en-fr.A3.final.gz seems finished, reusing.
(3) generate word alignment @ Tue Feb 14 12:53:03 GMT 2017
Combining forward and inverted alignment from files:
  /users/case4/casseds2/smt-lab/working/train/giza.fr-en/fr-en.A3.final.{bz2,gz}
  /users/case4/casseds2/smt-lab/working/train/giza.en-fr/en-fr.A3.final.{bz2,gz}
Executing: mkdir -p /users/case4/casseds2/smt-lab/working/train/model
Executing: /usr/local/mosesdecoder/scripts/training/giza2bal.pl -d "gzip -cd /users/case4/casseds2/smt-lab/working/train/giza.en-fr/en-fr.A3.final.gz" -i "gzip -cd /users/case4/casseds2/smt-lab/working/train/giza.fr-en/fr-en.A3.final.gz" |/usr/local/mosesdecoder/scripts/../bin/symal -alignment="grow" -diagonal="yes" -final="yes" -both="yes" > /users/case4/casseds2/smt-lab/working/train/model/aligned.grow-diag-final-and
symal: computing grow alignment: diagonal (1) final (1)both-uncovered (1)
skip=<0> counts=<999>
(4) generate lexical translation table 0-0 @ Tue Feb 14 12:53:03 GMT 2017
(/users/case4/casseds2/smt-lab/corpus/lab-data/train-data-clean.fr,/users/case4/casseds2/smt-lab/corpus/lab-data/train-data-clean.en,/users/case4/casseds2/smt-lab/working/train/model/lex)
  reusing: /users/case4/casseds2/smt-lab/working/train/model/lex.f2e and /users/case4/casseds2/smt-lab/working/train/model/lex.e2f
(5) extract phrases @ Tue Feb 14 12:53:03 GMT 2017
/usr/local/mosesdecoder/scripts/generic/extract-parallel.perl 1 split "sort    " /usr/local/mosesdecoder/scripts/../bin/extract /users/case4/casseds2/smt-lab/corpus/lab-data/train-data-clean.en /users/case4/casseds2/smt-lab/corpus/lab-data/train-data-clean.fr /users/case4/casseds2/smt-lab/working/train/model/aligned.grow-diag-final-and /users/case4/casseds2/smt-lab/working/train/model/extract 7 orientation --model wbe-msd --GZOutput 
Executing: /usr/local/mosesdecoder/scripts/generic/extract-parallel.perl 1 split "sort    " /usr/local/mosesdecoder/scripts/../bin/extract /users/case4/casseds2/smt-lab/corpus/lab-data/train-data-clean.en /users/case4/casseds2/smt-lab/corpus/lab-data/train-data-clean.fr /users/case4/casseds2/smt-lab/working/train/model/aligned.grow-diag-final-and /users/case4/casseds2/smt-lab/working/train/model/extract 7 orientation --model wbe-msd --GZOutput 
MAX 7 1 0
Started Tue Feb 14 12:53:03 2017
Executing: ln -s /users/case4/casseds2/smt-lab/corpus/lab-data/train-data-clean.en /users/case4/casseds2/smt-lab/working/train/model/tmp.2674/target.00000 
total=999 line-per-split=1000 
Executing: ln -s /users/case4/casseds2/smt-lab/corpus/lab-data/train-data-clean.fr /users/case4/casseds2/smt-lab/working/train/model/tmp.2674/source.00000 
Executing: ln -s /users/case4/casseds2/smt-lab/working/train/model/aligned.grow-diag-final-and /users/case4/casseds2/smt-lab/working/train/model/tmp.2674/align.00000 
/usr/local/mosesdecoder/scripts/../bin/extract /users/case4/casseds2/smt-lab/working/train/model/tmp.2674/target.00000 /users/case4/casseds2/smt-lab/working/train/model/tmp.2674/source.00000 /users/case4/casseds2/smt-lab/working/train/model/tmp.2674/align.00000 /users/case4/casseds2/smt-lab/working/train/model/tmp.2674/extract.00000  7 orientation --model wbe-msd --GZOutput   --SentenceOffset 0 2>> /dev/stderr 
glueArg= 
merging extract / extract.inv
gunzip -c /users/case4/casseds2/smt-lab/working/train/model/tmp.2674/extract.00000.o.gz  | LC_ALL=C sort     -T /users/case4/casseds2/smt-lab/working/train/model/tmp.2674 2>> /dev/stderr | gzip -c > /users/case4/casseds2/smt-lab/working/train/model/extract.o.sorted.gz 2>> /dev/stderr 
rm -rf /users/case4/casseds2/smt-lab/working/train/model/tmp.2674 
Finished Tue Feb 14 12:53:04 2017
(6) score phrases @ Tue Feb 14 12:53:04 GMT 2017
(6.1)  creating table half /users/case4/casseds2/smt-lab/working/train/model/phrase-table.half.f2e @ Tue Feb 14 12:53:04 GMT 2017
/usr/local/mosesdecoder/scripts/generic/score-parallel.perl 1 "sort    " /usr/local/mosesdecoder/scripts/../bin/score /users/case4/casseds2/smt-lab/working/train/model/extract.sorted.gz /users/case4/casseds2/smt-lab/working/train/model/lex.f2e /users/case4/casseds2/smt-lab/working/train/model/phrase-table.half.f2e.gz  0 
Executing: /usr/local/mosesdecoder/scripts/generic/score-parallel.perl 1 "sort    " /usr/local/mosesdecoder/scripts/../bin/score /users/case4/casseds2/smt-lab/working/train/model/extract.sorted.gz /users/case4/casseds2/smt-lab/working/train/model/lex.f2e /users/case4/casseds2/smt-lab/working/train/model/phrase-table.half.f2e.gz  0 
Started Tue Feb 14 12:53:04 2017
ln -s /users/case4/casseds2/smt-lab/working/train/model/extract.sorted.gz /users/case4/casseds2/smt-lab/working/train/model/tmp.2705/extract.0.gz 
/usr/local/mosesdecoder/scripts/../bin/score /users/case4/casseds2/smt-lab/working/train/model/tmp.2705/extract.0.gz /users/case4/casseds2/smt-lab/working/train/model/lex.f2e /users/case4/casseds2/smt-lab/working/train/model/tmp.2705/phrase-table.half.00000.gz  2>> /dev/stderr 
/users/case4/casseds2/smt-lab/working/train/model/tmp.2705/run.0.shmv /users/case4/casseds2/smt-lab/working/train/model/tmp.2705/phrase-table.half.00000.gz /users/case4/casseds2/smt-lab/working/train/model/phrase-table.half.f2e.gzrm -rf /users/case4/casseds2/smt-lab/working/train/model/tmp.2705 
Finished Tue Feb 14 12:53:05 2017
(6.3)  creating table half /users/case4/casseds2/smt-lab/working/train/model/phrase-table.half.e2f @ Tue Feb 14 12:53:05 GMT 2017
/usr/local/mosesdecoder/scripts/generic/score-parallel.perl 1 "sort    " /usr/local/mosesdecoder/scripts/../bin/score /users/case4/casseds2/smt-lab/working/train/model/extract.inv.sorted.gz /users/case4/casseds2/smt-lab/working/train/model/lex.e2f /users/case4/casseds2/smt-lab/working/train/model/phrase-table.half.e2f.gz --Inverse 1 
Executing: /usr/local/mosesdecoder/scripts/generic/score-parallel.perl 1 "sort    " /usr/local/mosesdecoder/scripts/../bin/score /users/case4/casseds2/smt-lab/working/train/model/extract.inv.sorted.gz /users/case4/casseds2/smt-lab/working/train/model/lex.e2f /users/case4/casseds2/smt-lab/working/train/model/phrase-table.half.e2f.gz --Inverse 1 
Started Tue Feb 14 12:53:05 2017
ln -s /users/case4/casseds2/smt-lab/working/train/model/extract.inv.sorted.gz /users/case4/casseds2/smt-lab/working/train/model/tmp.2715/extract.0.gz 
/usr/local/mosesdecoder/scripts/../bin/score /users/case4/casseds2/smt-lab/working/train/model/tmp.2715/extract.0.gz /users/case4/casseds2/smt-lab/working/train/model/lex.e2f /users/case4/casseds2/smt-lab/working/train/model/tmp.2715/phrase-table.half.00000.gz --Inverse  2>> /dev/stderr 
/users/case4/casseds2/smt-lab/working/train/model/tmp.2715/run.0.shgunzip -c /users/case4/casseds2/smt-lab/working/train/model/tmp.2715/phrase-table.half.*.gz 2>> /dev/stderr| LC_ALL=C sort     -T /users/case4/casseds2/smt-lab/working/train/model/tmp.2715  | gzip -c > /users/case4/casseds2/smt-lab/working/train/model/phrase-table.half.e2f.gz  2>> /dev/stderr rm -rf /users/case4/casseds2/smt-lab/working/train/model/tmp.2715 
Finished Tue Feb 14 12:53:06 2017
(6.6) consolidating the two halves @ Tue Feb 14 12:53:06 GMT 2017
Executing: /usr/local/mosesdecoder/scripts/../bin/consolidate /users/case4/casseds2/smt-lab/working/train/model/phrase-table.half.f2e.gz /users/case4/casseds2/smt-lab/working/train/model/phrase-table.half.e2f.gz /dev/stdout | gzip -c > /users/case4/casseds2/smt-lab/working/train/model/phrase-table.gz
Consolidate v2.0 written by Philipp Koehn
consolidating direct and indirect rule tables
Executing: rm -f /users/case4/casseds2/smt-lab/working/train/model/phrase-table.half.*
(7) learn reordering model @ Tue Feb 14 12:53:07 GMT 2017
(7.1) [no factors] learn reordering model @ Tue Feb 14 12:53:07 GMT 2017
(7.2) building tables @ Tue Feb 14 12:53:07 GMT 2017
Executing: /usr/local/mosesdecoder/scripts/../bin/lexical-reordering-score /users/case4/casseds2/smt-lab/working/train/model/extract.o.sorted.gz 0.5 /users/case4/casseds2/smt-lab/working/train/model/reordering-table. --model "wbe msd wbe-msd-bidirectional-fe"
Lexical Reordering Scorer
scores lexical reordering models of several types (hierarchical, phrase-based and word-based-extraction
(8) learn generation model @ Tue Feb 14 12:53:07 GMT 2017
  no generation model requested, skipping step
(9) create moses.ini @ Tue Feb 14 12:53:07 GMT 2017
